<?xml version="1.0" encoding="UTF-8"?>
<!-- Generated by org.testng.reporters.JUnitReportReporter -->
<testsuite skipped="0" hostname="DESKTOP-J6Q9SVB" name="org.test1.B" tests="2" failures="0" timestamp="14 Dec 2020 07:21:38 GMT" time="0.057" errors="0">
  <testcase name="Testcase22" time="0.019" classname="org.test1.B"/>
  <testcase name="Testcase2" time="0.038" classname="org.test1.B"/>
</testsuite> <!-- org.test1.B -->
