<?xml version="1.0" encoding="UTF-8"?>
<!-- Generated by org.testng.reporters.JUnitReportReporter -->
<testsuite skipped="0" hostname="DESKTOP-J6Q9SVB" name="org.test1.A" tests="3" failures="0" timestamp="14 Dec 2020 07:50:14 GMT" time="36.829" errors="0">
  <testcase name="browserparallel" time="7.442" classname="org.test1.A"/>
  <testcase name="browserparallel" time="9.403" classname="org.test1.A"/>
  <testcase name="browserparallel" time="19.984" classname="org.test1.A"/>
</testsuite> <!-- org.test1.A -->
