<?xml version="1.0" encoding="UTF-8"?>
<!-- Generated by org.testng.reporters.JUnitReportReporter -->
<testsuite skipped="0" hostname="DESKTOP-J6Q9SVB" name="org.test1.TestNgdemo" tests="3" failures="0" timestamp="14 Dec 2020 06:39:19 GMT" time="44.790" errors="0">
  <testcase name="fbLogin" time="12.444" classname="org.test1.TestNgdemo"/>
  <testcase name="fbLogin" time="19.147" classname="org.test1.TestNgdemo"/>
  <testcase name="fbLogin" time="13.199" classname="org.test1.TestNgdemo"/>
</testsuite> <!-- org.test1.TestNgdemo -->
