<?xml version="1.0" encoding="UTF-8"?>
<!-- Generated by org.testng.reporters.JUnitReportReporter -->
<testsuite skipped="0" hostname="DESKTOP-J6Q9SVB" name="org.test1.C" tests="2" failures="0" timestamp="14 Dec 2020 07:21:38 GMT" time="0.050" errors="0">
  <testcase name="Testcase33" time="0.012" classname="org.test1.C"/>
  <testcase name="Testcase3" time="0.038" classname="org.test1.C"/>
</testsuite> <!-- org.test1.C -->
